D:\project\ecg-recoverability\.venv\Lib\site-packages\neurokit2\signal\signal_period.py:83: NeuroKitWarning: Too few peaks detected to compute the rate. Returning empty vector.
  warn(

=== precordial-interp ===
  [QRS] V2:rho_or=+0.49(nd=0.150)  V4:rho_or=+0.31(nd=0.165)  V6:rho_or=+0.34(nd=0.182)
  [ST] V2:rho_or=+0.55(nd=0.091)  V4:rho_or=+0.21(nd=0.116)  V6:rho_or=+0.26(nd=0.145)
  [T] V2:rho_or=+0.49(nd=0.094)  V4:rho_or=+0.22(nd=0.118)  V6:rho_or=+0.28(nd=0.132)
  [P] V2:rho_or=+0.27(nd=0.096)  V4:rho_or=+0.11(nd=0.089)  V6:rho_or=+0.82(nd=0.058)

=== classic-3lead ===
  [QRS] V1:rho_or=+0.15(nd=0.153)  V3:rho_or=+0.09(nd=0.181)  V4:rho_or=+0.16(nd=0.165)  V5:rho_or=+0.00(nd=0.165)  V6:rho_or=+0.04(nd=0.182)
  [ST] V1:rho_or=+0.10(nd=0.110)  V3:rho_or=-0.02(nd=0.104)  V4:rho_or=+0.14(nd=0.116)  V5:rho_or=+0.13(nd=0.123)  V6:rho_or=+0.19(nd=0.145)
  [T] V1:rho_or=+0.12(nd=0.106)  V3:rho_or=+0.11(nd=0.102)  V4:rho_or=+0.13(nd=0.118)  V5:rho_or=+0.19(nd=0.122)  V6:rho_or=+0.24(nd=0.132)
  [P] V1:rho_or=+0.25(nd=0.096)  V3:rho_or=+0.10(nd=0.089)  V4:rho_or=+0.15(nd=0.089)  V5:rho_or=+0.32(nd=0.114)  V6:rho_or=+0.56(nd=0.058)

=== limb6-negctrl ===
  [QRS] V1:rho_or=+0.07(nd=0.288)  V2:rho_or=+0.09(nd=0.580)  V3:rho_or=+0.03(nd=0.568)  V4:rho_or=+0.01(nd=0.342)  V5:rho_or=-0.03(nd=0.185)  V6:rho_or=+0.04(nd=0.184)
  [ST] V1:rho_or=-0.19(nd=0.183)  V2:rho_or=-0.10(nd=0.299)  V3:rho_or=-0.22(nd=0.293)  V4:rho_or=-0.27(nd=0.191)  V5:rho_or=+0.17(nd=0.129)  V6:rho_or=+0.21(nd=0.146)
  [T] V1:rho_or=+0.23(nd=0.169)  V2:rho_or=+0.33(nd=0.294)  V3:rho_or=+0.20(nd=0.257)  V4:rho_or=+0.13(nd=0.170)  V5:rho_or=+0.16(nd=0.123)  V6:rho_or=+0.27(nd=0.135)
  [P] V1:rho_or=+0.17(nd=0.119)  V2:rho_or=+0.01(nd=0.141)  V3:rho_or=-0.04(nd=0.133)  V4:rho_or=-0.08(nd=0.110)  V5:rho_or=+0.02(nd=0.123)  V6:rho_or=+0.30(nd=0.093)

=== ORACLE GATE VERDICT ===
Primary S QRS Band-A leads (rho_oracle>0.2): ['V2', 'V4', 'V6']
limb6 negative-control QRS rho_oracle: {'V1': 0.07, 'V2': 0.09, 'V3': 0.03, 'V4': 0.01, 'V5': -0.03, 'V6': 0.04}
GATE PASS: primary S has recoverable (Band A) non-dipolar content
